  atk.cpp
C:\Users\Takeuchi Hiroto\Documents\GitHub\Project_First_2DGame\Project_First_2DGame\atk.cpp(103,33): warning C4305: '=': 'double' から 'float' へ切り詰めます。
C:\Users\Takeuchi Hiroto\Documents\GitHub\Project_First_2DGame\Project_First_2DGame\atk.cpp(137,33): warning C4305: '=': 'double' から 'float' へ切り詰めます。
C:\Users\Takeuchi Hiroto\Documents\GitHub\Project_First_2DGame\Project_First_2DGame\atk.cpp(154,33): warning C4305: '=': 'double' から 'float' へ切り詰めます。
C:\Users\Takeuchi Hiroto\Documents\GitHub\Project_First_2DGame\Project_First_2DGame\atk.cpp(228,5): warning C4065: switch 文に 'default' はありますが 'case' ラベルがありません。
C:\Users\Takeuchi Hiroto\Documents\GitHub\Project_First_2DGame\Project_First_2DGame\atk.cpp(238,5): warning C4065: switch 文に 'default' はありますが 'case' ラベルがありません。
  bg.cpp
  camera.cpp
  collision.cpp
  debugproc.cpp
  effect.cpp
  enemy.cpp
C:\Users\Takeuchi Hiroto\Documents\GitHub\Project_First_2DGame\Project_First_2DGame\enemy.cpp(129,80): warning C4244: '=': 'double' から 'int' への変換です。データが失われる可能性があります。
C:\Users\Takeuchi Hiroto\Documents\GitHub\Project_First_2DGame\Project_First_2DGame\enemy.cpp(192,80): warning C4244: '=': 'double' から 'int' への変換です。データが失われる可能性があります。
  enemy_Update.cpp
C:\Users\Takeuchi Hiroto\Documents\GitHub\Project_First_2DGame\Project_First_2DGame\enemy_Update.cpp(143,58): warning C4244: '引数': 'int' から 'float' への変換です。データが失われる可能性があります。
C:\Users\Takeuchi Hiroto\Documents\GitHub\Project_First_2DGame\Project_First_2DGame\enemy_Update.cpp(143,35): warning C4244: '引数': 'int' から 'float' への変換です。データが失われる可能性があります。
  game.cpp
  Ground_tile.cpp
C:\Users\Takeuchi Hiroto\Documents\GitHub\Project_First_2DGame\Project_First_2DGame\Ground_tile.cpp(80,12): warning C4244: '引数': 'time_t' から 'unsigned int' への変換です。データが失われる可能性があります。
  boss_haze.cpp
  HUD.cpp
C:\Users\Takeuchi Hiroto\Documents\GitHub\Project_First_2DGame\Project_First_2DGame\HUD.cpp(80,49): warning C4244: '引数': 'double' から 'float' への変換です。データが失われる可能性があります。
C:\Users\Takeuchi Hiroto\Documents\GitHub\Project_First_2DGame\Project_First_2DGame\HUD.cpp(89,49): warning C4244: '引数': 'double' から 'float' への変換です。データが失われる可能性があります。
C:\Users\Takeuchi Hiroto\Documents\GitHub\Project_First_2DGame\Project_First_2DGame\HUD.cpp(119,14): warning C4244: '=': 'double' から 'float' への変換です。データが失われる可能性があります。
C:\Users\Takeuchi Hiroto\Documents\GitHub\Project_First_2DGame\Project_First_2DGame\HUD.cpp(122,14): warning C4244: '=': 'double' から 'float' への変換です。データが失われる可能性があります。
  input.cpp
  main.cpp
C:\Users\Takeuchi Hiroto\Documents\GitHub\Project_First_2DGame\Project_First_2DGame\title.h(1,1): warning C4819: ファイルは、現在のコード ページ (932) で表示できない文字を含んでいます。データの損失を防ぐために、ファイルを Unicode 形式で保存してください。
C:\Users\Takeuchi Hiroto\Documents\GitHub\Project_First_2DGame\Project_First_2DGame\result.h(1,1): warning C4819: ファイルは、現在のコード ページ (932) で表示できない文字を含んでいます。データの損失を防ぐために、ファイルを Unicode 形式で保存してください。
  MAP.cpp
C:\Users\Takeuchi Hiroto\Documents\GitHub\Project_First_2DGame\Project_First_2DGame\result_bg.h(1,1): warning C4819: ファイルは、現在のコード ページ (932) で表示できない文字を含んでいます。データの損失を防ぐために、ファイルを Unicode 形式で保存してください。
C:\Users\Takeuchi Hiroto\Documents\GitHub\Project_First_2DGame\Project_First_2DGame\MAP.cpp(50,6): warning C4551: 関数呼び出しに引数リストがありません。
  menue.cpp
C:\Users\Takeuchi Hiroto\Documents\GitHub\Project_First_2DGame\Project_First_2DGame\menue.cpp(80,43): warning C4244: '引数': 'int' から 'float' への変換です。データが失われる可能性があります。
C:\Users\Takeuchi Hiroto\Documents\GitHub\Project_First_2DGame\Project_First_2DGame\menue.cpp(85,47): warning C4244: '引数': 'int' から 'float' への変換です。データが失われる可能性があります。
C:\Users\Takeuchi Hiroto\Documents\GitHub\Project_First_2DGame\Project_First_2DGame\menue.cpp(181,20): warning C4244: '引数': 'int' から 'float' への変換です。データが失われる可能性があります。
C:\Users\Takeuchi Hiroto\Documents\GitHub\Project_First_2DGame\Project_First_2DGame\menue.cpp(181,19): warning C4244: '=': 'float' から 'int' への変換です。データが失われる可能性があります。
C:\Users\Takeuchi Hiroto\Documents\GitHub\Project_First_2DGame\Project_First_2DGame\menue.cpp(213,43): warning C4244: '引数': 'float' から 'int' への変換です。データが失われる可能性があります。
C:\Users\Takeuchi Hiroto\Documents\GitHub\Project_First_2DGame\Project_First_2DGame\menue.cpp(221,42): warning C4244: '引数': 'float' から 'int' への変換です。データが失われる可能性があります。
  player.cpp
C:\Users\Takeuchi Hiroto\Documents\GitHub\Project_First_2DGame\Project_First_2DGame\player.cpp(111,24): warning C4305: '=': 'double' から 'float' へ切り詰めます。
C:\Users\Takeuchi Hiroto\Documents\GitHub\Project_First_2DGame\Project_First_2DGame\player.cpp(307,25): warning C4305: '-=': 'double' から 'float' へ切り詰めます。
  result.cpp
C:\Users\Takeuchi Hiroto\Documents\GitHub\Project_First_2DGame\Project_First_2DGame\result.cpp(1,1): warning C4819: ファイルは、現在のコード ページ (932) で表示できない文字を含んでいます。データの損失を防ぐために、ファイルを Unicode 形式で保存してください。
C:\Users\Takeuchi Hiroto\Documents\GitHub\Project_First_2DGame\Project_First_2DGame\result.h(1,1): warning C4819: ファイルは、現在のコード ページ (932) で表示できない文字を含んでいます。データの損失を防ぐために、ファイルを Unicode 形式で保存してください。
C:\Users\Takeuchi Hiroto\Documents\GitHub\Project_First_2DGame\Project_First_2DGame\result_bg.h(1,1): warning C4819: ファイルは、現在のコード ページ (932) で表示できない文字を含んでいます。データの損失を防ぐために、ファイルを Unicode 形式で保存してください。
C:\Users\Takeuchi Hiroto\Documents\GitHub\Project_First_2DGame\Project_First_2DGame\result_anime.h(1,1): warning C4819: ファイルは、現在のコード ページ (932) で表示できない文字を含んでいます。データの損失を防ぐために、ファイルを Unicode 形式で保存してください。
  result_anime.cpp
C:\Users\Takeuchi Hiroto\Documents\GitHub\Project_First_2DGame\Project_First_2DGame\result_anime.h(1,1): warning C4819: ファイルは、現在のコード ページ (932) で表示できない文字を含んでいます。データの損失を防ぐために、ファイルを Unicode 形式で保存してください。
C:\Users\Takeuchi Hiroto\Documents\GitHub\Project_First_2DGame\Project_First_2DGame\result_anime.cpp(62,78): warning C4244: '引数': 'int' から 'float' への変換です。データが失われる可能性があります。
C:\Users\Takeuchi Hiroto\Documents\GitHub\Project_First_2DGame\Project_First_2DGame\result_anime.cpp(125,47): warning C4244: '引数': 'int' から 'float' への変換です。データが失われる可能性があります。
C:\Users\Takeuchi Hiroto\Documents\GitHub\Project_First_2DGame\Project_First_2DGame\result_anime.cpp(138,48): warning C4244: '引数': 'int' から 'float' への変換です。データが失われる可能性があります。
C:\Users\Takeuchi Hiroto\Documents\GitHub\Project_First_2DGame\Project_First_2DGame\result_anime.cpp(86,6): warning C4101: 'temp': ローカル変数は 1 度も使われていません。
  result_bg.cpp
C:\Users\Takeuchi Hiroto\Documents\GitHub\Project_First_2DGame\Project_First_2DGame\result_bg.h(1,1): warning C4819: ファイルは、現在のコード ページ (932) で表示できない文字を含んでいます。データの損失を防ぐために、ファイルを Unicode 形式で保存してください。
  コードを生成中...
C:\Users\Takeuchi Hiroto\Documents\GitHub\Project_First_2DGame\Project_First_2DGame\effect.cpp(201): warning C4715: 'Set_effect': 値を返さないコントロール パスがあります。
  コンパイル中...
  result_score.cpp
C:\Users\Takeuchi Hiroto\Documents\GitHub\Project_First_2DGame\Project_First_2DGame\result_score.cpp(70,94): warning C4244: '引数': 'int' から 'float' への変換です。データが失われる可能性があります。
  set_map.cpp
C:\Users\Takeuchi Hiroto\Documents\GitHub\Project_First_2DGame\Project_First_2DGame\set_map.cpp(241,47): warning C4244: '引数': 'int' から 'float' への変換です。データが失われる可能性があります。
C:\Users\Takeuchi Hiroto\Documents\GitHub\Project_First_2DGame\Project_First_2DGame\set_map.cpp(241,43): warning C4244: '引数': 'int' から 'float' への変換です。データが失われる可能性があります。
C:\Users\Takeuchi Hiroto\Documents\GitHub\Project_First_2DGame\Project_First_2DGame\set_map.cpp(246,65): warning C4244: '引数': 'int' から 'float' への変換です。データが失われる可能性があります。
C:\Users\Takeuchi Hiroto\Documents\GitHub\Project_First_2DGame\Project_First_2DGame\set_map.cpp(246,62): warning C4244: '引数': 'int' から 'float' への変換です。データが失われる可能性があります。
C:\Users\Takeuchi Hiroto\Documents\GitHub\Project_First_2DGame\Project_First_2DGame\set_map.cpp(252,62): warning C4244: '引数': 'int' から 'float' への変換です。データが失われる可能性があります。
C:\Users\Takeuchi Hiroto\Documents\GitHub\Project_First_2DGame\Project_First_2DGame\set_map.cpp(252,48): warning C4244: '引数': 'int' から 'float' への変換です。データが失われる可能性があります。
C:\Users\Takeuchi Hiroto\Documents\GitHub\Project_First_2DGame\Project_First_2DGame\set_map.cpp(253,66): warning C4244: '引数': 'int' から 'float' への変換です。データが失われる可能性があります。
C:\Users\Takeuchi Hiroto\Documents\GitHub\Project_First_2DGame\Project_First_2DGame\set_map.cpp(253,52): warning C4244: '引数': 'int' から 'float' への変換です。データが失われる可能性があります。
  sound.cpp
  text.cpp
  renderer.cpp
  sprite.cpp
  title.cpp
C:\Users\Takeuchi Hiroto\Documents\GitHub\Project_First_2DGame\Project_First_2DGame\title.cpp(1,1): warning C4819: ファイルは、現在のコード ページ (932) で表示できない文字を含んでいます。データの損失を防ぐために、ファイルを Unicode 形式で保存してください。
C:\Users\Takeuchi Hiroto\Documents\GitHub\Project_First_2DGame\Project_First_2DGame\title.h(1,1): warning C4819: ファイルは、現在のコード ページ (932) で表示できない文字を含んでいます。データの損失を防ぐために、ファイルを Unicode 形式で保存してください。
  title_bg.cpp
  title_hud.cpp
C:\Users\Takeuchi Hiroto\Documents\GitHub\Project_First_2DGame\Project_First_2DGame\title_hud.cpp(40,42): warning C4244: '引数': 'int' から 'float' への変換です。データが失われる可能性があります。
C:\Users\Takeuchi Hiroto\Documents\GitHub\Project_First_2DGame\Project_First_2DGame\title_hud.cpp(72,19): warning C4244: '引数': 'int' から 'float' への変換です。データが失われる可能性があります。
C:\Users\Takeuchi Hiroto\Documents\GitHub\Project_First_2DGame\Project_First_2DGame\title_hud.cpp(72,18): warning C4244: '=': 'float' から 'int' への変換です。データが失われる可能性があります。
  title_logo.cpp
C:\Users\Takeuchi Hiroto\Documents\GitHub\Project_First_2DGame\Project_First_2DGame\title_logo.cpp(53,49): warning C4244: '=': 'double' から 'float' への変換です。データが失われる可能性があります。
  Visual_tile.cpp
C:\Users\Takeuchi Hiroto\Documents\GitHub\Project_First_2DGame\Project_First_2DGame\Visual_tile.cpp(79,12): warning C4244: '引数': 'time_t' から 'unsigned int' への変換です。データが失われる可能性があります。
C:\Users\Takeuchi Hiroto\Documents\GitHub\Project_First_2DGame\Project_First_2DGame\Visual_tile.cpp(178,19): warning C4244: '=': 'int' から 'float' への変換です。データが失われる可能性があります。
C:\Users\Takeuchi Hiroto\Documents\GitHub\Project_First_2DGame\Project_First_2DGame\Visual_tile.cpp(183,19): warning C4244: '=': 'int' から 'float' への変換です。データが失われる可能性があります。
C:\Users\Takeuchi Hiroto\Documents\GitHub\Project_First_2DGame\Project_First_2DGame\Visual_tile.cpp(232,19): warning C4244: '=': 'int' から 'float' への変換です。データが失われる可能性があります。
C:\Users\Takeuchi Hiroto\Documents\GitHub\Project_First_2DGame\Project_First_2DGame\Visual_tile.cpp(237,19): warning C4244: '=': 'int' から 'float' への変換です。データが失われる可能性があります。
  コードを生成中...
  Project_First_2DGame.vcxproj -> C:\Users\Takeuchi Hiroto\Documents\GitHub\Project_First_2DGame\Project_First_2DGame\x64\Debug\Project_First_2DGame.exe
